test_create_items_dexsanity_kanto (tests.test_logic_standalone.TestPokepelagoLogic) ... FAIL
test_excess_items_dropped (tests.test_logic_standalone.TestPokepelagoLogic) ... ERROR
test_filler_balancing (tests.test_logic_standalone.TestPokepelagoLogic) ... FAIL
test_goal_logic_caps (tests.test_logic_standalone.TestPokepelagoLogic) ... ok
test_set_rules_dexsanity (tests.test_logic_standalone.TestPokepelagoLogic) ... ok
test_set_rules_region_lock (tests.test_logic_standalone.TestPokepelagoLogic) ... ok
test_startup_guarantee_priority (tests.test_logic_standalone.TestPokepelagoLogic) ... ok
test_startup_guarantee_region_lock (tests.test_logic_standalone.TestPokepelagoLogic) ... ok
test_startup_guarantee_type_lock_all (tests.test_logic_standalone.TestPokepelagoLogic) ... ok
test_startup_guarantee_type_lock_any (tests.test_logic_standalone.TestPokepelagoLogic) ... ok

======================================================================
ERROR: test_excess_items_dropped (tests.test_logic_standalone.TestPokepelagoLogic)
----------------------------------------------------------------------
Traceback (most recent call last):
  File "C:\Users\stefa\Antigravity Projects\Pokepelago\tests\test_logic_standalone.py", line 409, in test_excess_items_dropped
    dropped_id = next(iter(self.world.dropped_dex_ids))
StopIteration

======================================================================
FAIL: test_create_items_dexsanity_kanto (tests.test_logic_standalone.TestPokepelagoLogic)
----------------------------------------------------------------------
Traceback (most recent call last):
  File "C:\Users\stefa\Antigravity Projects\Pokepelago\tests\test_logic_standalone.py", line 177, in test_create_items_dexsanity_kanto
    self.assertEqual(len(pool), 192)
AssertionError: 197 != 192

======================================================================
FAIL: test_filler_balancing (tests.test_logic_standalone.TestPokepelagoLogic)
----------------------------------------------------------------------
Traceback (most recent call last):
  File "C:\Users\stefa\Antigravity Projects\Pokepelago\tests\test_logic_standalone.py", line 297, in test_filler_balancing
    self.assertTrue(pokegears > 5, "Should have added extra Pokegears as filler")
AssertionError: False is not true : Should have added extra Pokegears as filler

----------------------------------------------------------------------
Ran 10 tests in 0.087s

FAILED (failures=2, errors=1)
